Wed Mar  4 15:49:01 2026       
+-----------------------------------------------------------------------------------------+
| NVIDIA-SMI 580.126.20             Driver Version: 580.126.20     CUDA Version: 13.0     |
+-----------------------------------------+------------------------+----------------------+
| GPU  Name                 Persistence-M | Bus-Id          Disp.A | Volatile Uncorr. ECC |
| Fan  Temp   Perf          Pwr:Usage/Cap |           Memory-Usage | GPU-Util  Compute M. |
|                                         |                        |               MIG M. |
|=========================================+========================+======================|
|   0  Tesla V100-PCIE-16GB           On  |   00000000:AF:00.0 Off |                    0 |
| N/A   41C    P0             24W /  250W |       0MiB /  16384MiB |      0%   E. Process |
|                                         |                        |                  N/A |
+-----------------------------------------+------------------------+----------------------+

+-----------------------------------------------------------------------------------------+
| Processes:                                                                              |
|  GPU   GI   CI              PID   Type   Process name                        GPU Memory |
|        ID   ID                                                               Usage      |
|=========================================================================================|
|  No running processes found                                                             |
+-----------------------------------------------------------------------------------------+
/appl/cuda/11.6.0/samples/bin/x86_64/linux/release/deviceQuery Starting...

 CUDA Device Query (Runtime API) version (CUDART static linking)

Detected 1 CUDA Capable device(s)

Device 0: "Tesla V100-PCIE-16GB"
  CUDA Driver Version / Runtime Version          13.0 / 11.6
  CUDA Capability Major/Minor version number:    7.0
  Total amount of global memory:                 16144 MBytes (16928342016 bytes)
  (080) Multiprocessors, (064) CUDA Cores/MP:    5120 CUDA Cores
  GPU Max Clock rate:                            1380 MHz (1.38 GHz)
  Memory Clock rate:                             877 Mhz
  Memory Bus Width:                              4096-bit
  L2 Cache Size:                                 6291456 bytes
  Maximum Texture Dimension Size (x,y,z)         1D=(131072), 2D=(131072, 65536), 3D=(16384, 16384, 16384)
  Maximum Layered 1D Texture Size, (num) layers  1D=(32768), 2048 layers
  Maximum Layered 2D Texture Size, (num) layers  2D=(32768, 32768), 2048 layers
  Total amount of constant memory:               65536 bytes
  Total amount of shared memory per block:       49152 bytes
  Total shared memory per multiprocessor:        98304 bytes
  Total number of registers available per block: 65536
  Warp size:                                     32
  Maximum number of threads per multiprocessor:  2048
  Maximum number of threads per block:           1024
  Max dimension size of a thread block (x,y,z): (1024, 1024, 64)
  Max dimension size of a grid size    (x,y,z): (2147483647, 65535, 65535)
  Maximum memory pitch:                          2147483647 bytes
  Texture alignment:                             512 bytes
  Concurrent copy and kernel execution:          Yes with 7 copy engine(s)
  Run time limit on kernels:                     No
  Integrated GPU sharing Host Memory:            No
  Support host page-locked memory mapping:       Yes
  Alignment requirement for Surfaces:            Yes
  Device has ECC support:                        Enabled
  Device supports Unified Addressing (UVA):      Yes
  Device supports Managed Memory:                Yes
  Device supports Compute Preemption:            Yes
  Supports Cooperative Kernel Launch:            Yes
  Supports MultiDevice Co-op Kernel Launch:      Yes
  Device PCI Domain ID / Bus ID / location ID:   0 / 175 / 0
  Compute Mode:
     < Exclusive Process (many threads in one process is able to use ::cudaSetDevice() with this device) >

deviceQuery, CUDA Driver = CUDART, CUDA Driver Version = 13.0, CUDA Runtime Version = 11.6, NumDevs = 1
Result = PASS
WARNING: CUDA module is already loaded but is not the correct version. Swapping with cuda/11.8.
# Options
device = cuda
generate = False
latent_dim = 32
n_samples = 5000
prior = flow
Samples per second: 49882.3500

------------------------------------------------------------
Sender: LSF System <lsfadmin@hpc.dtu.dk>
Subject: Job 27951645: <fid> in cluster <dcc> Done

Job <fid> was submitted from host <hpclogin1> by user <s252786> in cluster <dcc> at Wed Mar  4 15:48:58 2026
Job was executed on host(s) <4*n-62-20-2>, in queue <gpuv100>, as user <s252786> in cluster <dcc> at Wed Mar  4 15:48:59 2026
</zhome/af/5/222919> was used as the home directory.
</zhome/af/5/222919/Documents/mini-advanced1> was used as the working directory.
Started at Wed Mar  4 15:48:59 2026
Terminated at Wed Mar  4 15:49:07 2026
Results reported at Wed Mar  4 15:49:07 2026

Your job looked like:

------------------------------------------------------------
# LSBATCH: User input
#!/bin/bash
#BSUB -J fid
# Run on A100 cluster BSUB -q gpua100
#BSUB -q gpuv100
#BSUB -W 1:00
#BSUB -n 4
#BSUB -R "rusage[mem=4GB]"
#BSUB -gpu "num=1:mode=exclusive_process"
#BSUB -R "span[hosts=1]"
#BSUB -o /zhome/af/5/222919/Documents/mini-advanced1/vae_flow/out/fid_%J.out
#BSUB -e /zhome/af/5/222919/Documents/mini-advanced1/vae_flow/out/fid_%J.err

# Change to project root
cd /zhome/af/5/222919/Documents/mini-advanced1
mkdir -p vae_flow/out

nvidia-smi
# Load the cuda module
module load cuda/11.6
/appl/cuda/11.6.0/samples/bin/x86_64/linux/release/deviceQuery

source /dtu/projects/02613_2025/conda/conda_init.sh
conda activate advanced_machine_learning
python vae_flow/sample.py --prior flow --device cuda --n-samples 5000
------------------------------------------------------------

Successfully completed.

Resource usage summary:

    CPU time :                                   4.43 sec.
    Max Memory :                                 -
    Average Memory :                             -
    Total Requested Memory :                     16384.00 MB
    Delta Memory :                               -
    Max Swap :                                   -
    Max Processes :                              -
    Max Threads :                                -
    Run time :                                   11 sec.
    Turnaround time :                            9 sec.

The output (if any) is above this job summary.



PS:

Read file </zhome/af/5/222919/Documents/mini-advanced1/vae_flow/out/fid_27951645.err> for stderr output of this job.

